SlidingMenuLibrary/build/outputs/logs/manifest-merger-debug-report.txt
-- Merging decision tree log ---
manifest
ADDED from ZHBJ\SlidingMenuLibrary\AndroidManifest.xml:2:1-7:12
INJECTED from ZHBJ\SlidingMenuLibrary\AndroidManifest.xml:2:1-7:12
INJECTED from ZHBJ\SlidingMenuLibrary\AndroidManifest.xml:2:1-7:12
INJECTED from ZHBJ\SlidingMenuLibrary\AndroidManifest.xml:2:1-7:12
INJECTED from ZHBJ\SlidingMenuLibrary\AndroidManifest.xml:2:1-7:12
INJECTED from ZHBJ\SlidingMenuLibrary\AndroidManifest.xml:2:1-7:12
INJECTED from ZHBJ\SlidingMenuLibrary\AndroidManifest.xml:2:1-7:12
	package
		ADDED from ZHBJ\SlidingMenuLibrary\AndroidManifest.xml:3:5-50
		INJECTED from ZHBJ\SlidingMenuLibrary\AndroidManifest.xml
		INJECTED from ZHBJ\SlidingMenuLibrary\AndroidManifest.xml
	android:versionName
		ADDED from ZHBJ\SlidingMenuLibrary\AndroidManifest.xml:5:5-30
		INJECTED from ZHBJ\SlidingMenuLibrary\AndroidManifest.xml
		INJECTED from ZHBJ\SlidingMenuLibrary\AndroidManifest.xml
	xmlns:android
		ADDED from ZHBJ\SlidingMenuLibrary\AndroidManifest.xml:2:11-69
	android:versionCode
		ADDED from ZHBJ\SlidingMenuLibrary\AndroidManifest.xml:4:5-28
		INJECTED from ZHBJ\SlidingMenuLibrary\AndroidManifest.xml
		INJECTED from ZHBJ\SlidingMenuLibrary\AndroidManifest.xml
uses-sdk
INJECTED from ZHBJ\SlidingMenuLibrary\AndroidManifest.xml reason: use-sdk injection requested
INJECTED from ZHBJ\SlidingMenuLibrary\AndroidManifest.xml
INJECTED from ZHBJ\SlidingMenuLibrary\AndroidManifest.xml
INJECTED from ZHBJ\SlidingMenuLibrary\AndroidManifest.xml
INJECTED from ZHBJ\SlidingMenuLibrary\AndroidManifest.xml
	android:targetSdkVersion
		INJECTED from ZHBJ\SlidingMenuLibrary\AndroidManifest.xml
		ADDED from ZHBJ\SlidingMenuLibrary\AndroidManifest.xml
		INJECTED from ZHBJ\SlidingMenuLibrary\AndroidManifest.xml
	android:minSdkVersion
		INJECTED from ZHBJ\SlidingMenuLibrary\AndroidManifest.xml
		ADDED from ZHBJ\SlidingMenuLibrary\AndroidManifest.xml
		INJECTED from ZHBJ\SlidingMenuLibrary\AndroidManifest.xml